orlis/open_source_benchmarks/apps/com.alexkang.loopboard_19_src.tar.gz/app/build/intermediates/proguard-rules/release/aapt_rules.txt
# view AndroidManifest.xml #generated:20
-keep class com.alexkang.loopboard.MainActivity { <init>(...); }