orlis/open_source_benchmarks/apps/com.alexkang.loopboard_19_src.tar.gz/app/build/outputs/mapping/release/seeds.txt
com.alexkang.loopboard.BuildConfig
com.alexkang.loopboard.BuildConfig: BuildConfig()
com.alexkang.loopboard.MainActivity
com.alexkang.loopboard.MainActivity: MainActivity()
com.alexkang.loopboard.MainActivity: void onCreate(android.os.Bundle)
com.alexkang.loopboard.MainActivity: boolean onCreateOptionsMenu(android.view.Menu)
com.alexkang.loopboard.MainActivity: boolean onOptionsItemSelected(android.view.MenuItem)
com.alexkang.loopboard.MainActivity: void onResume()
com.alexkang.loopboard.MainActivity: void onPause()
com.alexkang.loopboard.MainActivity: void refreshRecordings()
com.alexkang.loopboard.MainActivity: void startRecording(int)
com.alexkang.loopboard.MainActivity: void stopRecording()
com.alexkang.loopboard.MainActivity: void nameRecording(byte[],int)
com.alexkang.loopboard.MainActivity: void stopAll()
com.alexkang.loopboard.MainActivity: void deleteAll()
com.alexkang.loopboard.MainActivity: android.media.AudioRecord access$100(com.alexkang.loopboard.MainActivity)
com.alexkang.loopboard.MainActivity: boolean access$200(com.alexkang.loopboard.MainActivity)
com.alexkang.loopboard.MainActivity: void access$400(com.alexkang.loopboard.MainActivity,byte[],int)
com.alexkang.loopboard.MainActivity: boolean access$202(com.alexkang.loopboard.MainActivity,boolean)
com.alexkang.loopboard.MainActivity: android.media.AudioRecord access$102(com.alexkang.loopboard.MainActivity,android.media.AudioRecord)
com.alexkang.loopboard.MainActivity: com.alexkang.loopboard.SampleAdapter access$500(com.alexkang.loopboard.MainActivity)
com.alexkang.loopboard.MainActivity$1
com.alexkang.loopboard.MainActivity$1: MainActivity$1(com.alexkang.loopboard.MainActivity)
com.alexkang.loopboard.MainActivity$1: boolean onTouch(android.view.View,android.view.MotionEvent)
com.alexkang.loopboard.MainActivity$2
com.alexkang.loopboard.MainActivity$2: MainActivity$2(com.alexkang.loopboard.MainActivity,byte[],android.widget.EditText,int)
com.alexkang.loopboard.MainActivity$2: void onClick(android.content.DialogInterface,int)
com.alexkang.loopboard.MainActivity$RecordingThread
com.alexkang.loopboard.MainActivity$RecordingThread: MainActivity$RecordingThread(com.alexkang.loopboard.MainActivity,int)
com.alexkang.loopboard.MainActivity$RecordingThread: void run()
com.alexkang.loopboard.MainActivity$RecordingThread: int access$300(com.alexkang.loopboard.MainActivity$RecordingThread)
com.alexkang.loopboard.MainActivity$RecordingThread$1
com.alexkang.loopboard.MainActivity$RecordingThread$1: MainActivity$RecordingThread$1(com.alexkang.loopboard.MainActivity$RecordingThread,byte[])
com.alexkang.loopboard.MainActivity$RecordingThread$1: void run()
com.alexkang.loopboard.MainActivity$SaveThread
com.alexkang.loopboard.MainActivity$SaveThread: MainActivity$SaveThread(com.alexkang.loopboard.MainActivity,byte[],java.lang.String,int)
com.alexkang.loopboard.MainActivity$SaveThread: void run()
com.alexkang.loopboard.MainActivity$SaveThread$1
com.alexkang.loopboard.MainActivity$SaveThread$1: MainActivity$SaveThread$1(com.alexkang.loopboard.MainActivity$SaveThread)
com.alexkang.loopboard.MainActivity$SaveThread$1: void run()
com.alexkang.loopboard.MainActivity$SaveThread$2
com.alexkang.loopboard.MainActivity$SaveThread$2: MainActivity$SaveThread$2(com.alexkang.loopboard.MainActivity$SaveThread)
com.alexkang.loopboard.MainActivity$SaveThread$2: void run()
com.alexkang.loopboard.MainActivity$StopThread
com.alexkang.loopboard.MainActivity$StopThread: MainActivity$StopThread(com.alexkang.loopboard.MainActivity)
com.alexkang.loopboard.MainActivity$StopThread: void run()
com.alexkang.loopboard.MainActivity$StopThread: MainActivity$StopThread(com.alexkang.loopboard.MainActivity,com.alexkang.loopboard.MainActivity$1)
com.alexkang.loopboard.MainActivity$StopThread$1
com.alexkang.loopboard.MainActivity$StopThread$1: MainActivity$StopThread$1(com.alexkang.loopboard.MainActivity$StopThread)
com.alexkang.loopboard.MainActivity$StopThread$1: void run()
...
android.support.v4.content.Loader
android.support.v4.content.Loader: Loader(android.content.Context)
android.support.v4.content.Loader: void deliverResult(java.lang.Object)
android.support.v4.content.Loader: android.content.Context getContext()
android.support.v4.content.Loader: int getId()
android.support.v4.content.Loader: void registerListener(int,android.support.v4.content.Loader$OnLoadCompleteListener)
android.support.v4.content.Loader: void unregisterListener(android.support.v4.content.Loader$OnLoadCompleteListener)
android.support.v4.content.Loader: boolean isStarted()
android.support.v4.content.Loader: boolean isAbandoned()
android.support.v4.content.Loader: boolean isReset()
android.support.v4.content.Loader: void startLoading()
android.support.v4.content.Loader: void onStartLoading()
android.support.v4.content.Loader: void forceLoad()
android.support.v4.content.Loader: void onForceLoad()
android.support.v4.content.Loader: void stopLoading()
android.support.v4.content.Loader: void onStopLoading()
android.support.v4.content.Loader: void abandon()
android.support.v4.content.Loader: void onAbandon()
android.support.v4.content.Loader: void reset()
android.support.v4.content.Loader: void onReset()
android.support.v4.content.Loader: boolean takeContentChanged()
android.support.v4.content.Loader: void commitContentChanged()
android.support.v4.content.Loader: void rollbackContentChanged()
android.support.v4.content.Loader: void onContentChanged()
android.support.v4.content.Loader$ForceLoadContentObserver
android.support.v4.content.Loader$ForceLoadContentObserver: Loader$ForceLoadContentObserver(android.support.v4.content.Loader)
android.support.v4.content.Loader$ForceLoadContentObserver: boolean deliverSelfNotifications()
android.support.v4.content.Loader$ForceLoadContentObserver: void onChange(boolean)
android.support.v4.content.Loader$OnLoadCompleteListener
android.support.v4.content.Loader$OnLoadCompleteListener: void onLoadComplete(android.support.v4.content.Loader,java.lang.Object)
android.support.v4.content.LocalBroadcastManager
android.support.v4.content.LocalBroadcastManager: android.support.v4.content.LocalBroadcastManager getInstance(android.content.Context)
android.support.v4.content.LocalBroadcastManager: LocalBroadcastManager(android.content.Context)
android.support.v4.content.LocalBroadcastManager: void registerReceiver(android.content.BroadcastReceiver,android.content.IntentFilter)
android.support.v4.content.LocalBroadcastManager: void unregisterReceiver(android.content.BroadcastReceiver)
android.support.v4.content.LocalBroadcastManager: boolean sendBroadcast(android.content.Intent)
android.support.v4.content.LocalBroadcastManager: void sendBroadcastSync(android.content.Intent)
android.support.v4.content.LocalBroadcastManager: void executePendingBroadcasts()
android.support.v4.content.LocalBroadcastManager: void access$000(android.support.v4.content.LocalBroadcastManager)
android.support.v4.content.LocalBroadcastManager: void <clinit>()
android.support.v4.content.LocalBroadcastManager$1
android.support.v4.content.LocalBroadcastManager$1: LocalBroadcastManager$1(android.support.v4.content.LocalBroadcastManager,android.os.Looper)
android.support.v4.content.LocalBroadcastManager$1: void handleMessage(android.os.Message)
android.support.v4.content.LocalBroadcastManager$BroadcastRecord
android.support.v4.content.LocalBroadcastManager$BroadcastRecord: LocalBroadcastManager$BroadcastRecord(android.content.Intent,java.util.ArrayList)
android.support.v4.content.LocalBroadcastManager$ReceiverRecord
android.support.v4.content.LocalBroadcastManager$ReceiverRecord: LocalBroadcastManager$ReceiverRecord(android.content.IntentFilter,android.content.BroadcastReceiver)
android.support.v4.content.LocalBroadcastManager$ReceiverRecord: java.lang.String toString()