orlis/open_source_benchmarks/apps/com.alexkang.loopboard_19_src.tar.gz/app/build/outputs/mapping/release/mapping.txt
com.alexkang.loopboard.MainActivity -> com.alexkang.loopboard.MainActivity:
    java.lang.String PATH -> d
    com.alexkang.loopboard.SampleAdapter mAdapter -> e
    android.widget.ListView mSampleList -> f
    java.util.ArrayList mSamples -> a
    android.media.AudioRecord mRecorder -> g
    int mMinBuffer -> b
    long lastKnownTime -> c
    int numImported -> h
    boolean isRecording -> i
    void <init>() -> <init>
    void onCreate(android.os.Bundle) -> onCreate
    boolean onCreateOptionsMenu(android.view.Menu) -> onCreateOptionsMenu
    boolean onOptionsItemSelected(android.view.MenuItem) -> onOptionsItemSelected
    void onResume() -> onResume
    void onPause() -> onPause
    void refreshRecordings() -> refreshRecordings
    void startRecording(int) -> startRecording
    void stopRecording() -> stopRecording
    void nameRecording(byte[],int) -> nameRecording
    void stopAll() -> stopAll
    void deleteAll() -> deleteAll
    android.media.AudioRecord access$100(com.alexkang.loopboard.MainActivity) -> access$100
    boolean access$200(com.alexkang.loopboard.MainActivity) -> access$200
    void access$400(com.alexkang.loopboard.MainActivity,byte[],int) -> access$400
    boolean access$202(com.alexkang.loopboard.MainActivity,boolean) -> access$202
    android.media.AudioRecord access$102(com.alexkang.loopboard.MainActivity,android.media.AudioRecord) -> access$102
    com.alexkang.loopboard.SampleAdapter access$500(com.alexkang.loopboard.MainActivity) -> access$500
com.alexkang.loopboard.MainActivity$1 -> com.alexkang.loopboard.MainActivity$1:
    com.alexkang.loopboard.MainActivity this$0 -> a
    void <init>(com.alexkang.loopboard.MainActivity) -> <init>
    boolean onTouch(android.view.View,android.view.MotionEvent) -> onTouch
com.alexkang.loopboard.MainActivity$2 -> com.alexkang.loopboard.MainActivity$2:
    byte[] val$byteArray -> a
    android.widget.EditText val$editText -> b
    int val$index -> c
    com.alexkang.loopboard.MainActivity this$0 -> d
    void <init>(com.alexkang.loopboard.MainActivity,byte[],android.widget.EditText,int) -> <init>
    void onClick(android.content.DialogInterface,int) -> onClick
com.alexkang.loopboard.MainActivity$RecordingThread -> com.alexkang.loopboard.MainActivity$RecordingThread:
    int index -> b
    com.alexkang.loopboard.MainActivity this$0 -> a
    void <init>(com.alexkang.loopboard.MainActivity,int) -> <init>
    void run() -> run
    int access$300(com.alexkang.loopboard.MainActivity$RecordingThread) -> access$300
com.alexkang.loopboard.MainActivity$RecordingThread$1 -> com.alexkang.loopboard.MainActivity$RecordingThread$1:
    byte[] val$byteArray -> a
    com.alexkang.loopboard.MainActivity$RecordingThread this$1 -> b
    void <init>(com.alexkang.loopboard.MainActivity$RecordingThread,byte[]) -> <init>
    void run() -> run
com.alexkang.loopboard.MainActivity$SaveThread -> com.alexkang.loopboard.MainActivity$SaveThread:
    byte[] soundByte -> b
    java.lang.String name -> c
    int index -> d
    com.alexkang.loopboard.MainActivity this$0 -> a
    void <init>(com.alexkang.loopboard.MainActivity,byte[],java.lang.String,int) -> <init>
    void run() -> run
com.alexkang.loopboard.MainActivity$SaveThread$1 -> com.alexkang.loopboard.MainActivity$SaveThread$1:
    com.alexkang.loopboard.MainActivity$SaveThread this$1 -> a
    void <init>(com.alexkang.loopboard.MainActivity$SaveThread) -> <init>
    void run() -> run
com.alexkang.loopboard.MainActivity$SaveThread$2 -> com.alexkang.loopboard.MainActivity$SaveThread$2:
    com.alexkang.loopboard.MainActivity$SaveThread this$1 -> a
    void <init>(com.alexkang.loopboard.MainActivity$SaveThread) -> <init>
    void run() -> run