orlis/open_source_benchmarks/apps/com.alexkang.loopboard_19_src.tar.gz/app/build/outputs/mapping/release/usage.txt
com.alexkang.loopboard.BuildConfig
com.alexkang.loopboard.MainActivity:
    private static final int SAMPLE_RATE
    private static final int MAX_TRACKS
com.alexkang.loopboard.R
com.alexkang.loopboard.R$attr
com.alexkang.loopboard.R$color
com.alexkang.loopboard.R$dimen
com.alexkang.loopboard.R$drawable
com.alexkang.loopboard.R$id
com.alexkang.loopboard.R$layout
com.alexkang.loopboard.R$menu
com.alexkang.loopboard.R$string
com.alexkang.loopboard.R$style
com.alexkang.loopboard.Sample:
    private static final int SAMPLE_RATE
...
android.support.annotation.AnimRes
android.support.annotation.AnimatorRes
android.support.annotation.AnyRes
android.support.annotation.ArrayRes
android.support.annotation.AttrRes
android.support.annotation.BoolRes
android.support.annotation.ColorRes
android.support.annotation.DimenRes
android.support.annotation.DrawableRes
android.support.annotation.FractionRes
android.support.annotation.IdRes
android.support.annotation.IntDef
android.support.annotation.IntegerRes
android.support.annotation.InterpolatorRes
android.support.annotation.LayoutRes
android.support.annotation.MenuRes
android.support.annotation.NonNull
android.support.annotation.Nullable
android.support.annotation.PluralsRes
android.support.annotation.RawRes
android.support.annotation.StringDef
android.support.annotation.StringRes
android.support.annotation.StyleRes
android.support.annotation.StyleableRes
android.support.annotation.XmlRes
android.support.v4.BuildConfig
android.support.v4.accessibilityservice.AccessibilityServiceInfoCompat
android.support.v4.accessibilityservice.AccessibilityServiceInfoCompat$AccessibilityServiceInfoIcsImpl
android.support.v4.accessibilityservice.AccessibilityServiceInfoCompat$AccessibilityServiceInfoJellyBeanMr2
android.support.v4.accessibilityservice.AccessibilityServiceInfoCompat$AccessibilityServiceInfoStubImpl
android.support.v4.accessibilityservice.AccessibilityServiceInfoCompat$AccessibilityServiceInfoVersionImpl
android.support.v4.accessibilityservice.AccessibilityServiceInfoCompatIcs
android.support.v4.accessibilityservice.AccessibilityServiceInfoCompatJellyBeanMr2
android.support.v4.app.ActionBarDrawerToggle
android.support.v4.app.ActionBarDrawerToggle$1
android.support.v4.app.ActionBarDrawerToggle$ActionBarDrawerToggleImpl
android.support.v4.app.ActionBarDrawerToggle$ActionBarDrawerToggleImplBase
android.support.v4.app.ActionBarDrawerToggle$ActionBarDrawerToggleImplHC
android.support.v4.app.ActionBarDrawerToggle$ActionBarDrawerToggleImplJellybeanMR2
android.support.v4.app.ActionBarDrawerToggle$Delegate
android.support.v4.app.ActionBarDrawerToggle$DelegateProvider
android.support.v4.app.ActionBarDrawerToggle$SlideDrawable
android.support.v4.app.ActionBarDrawerToggleHoneycomb
android.support.v4.app.ActionBarDrawerToggleHoneycomb$SetIndicatorInfo
android.support.v4.app.ActionBarDrawerToggleJellybeanMR2
android.support.v4.app.ActivityCompat
android.support.v4.app.ActivityCompat$SharedElementCallback21Impl
android.support.v4.app.ActivityCompat21
android.support.v4.app.ActivityCompat21$SharedElementCallback21
android.support.v4.app.ActivityCompat21$SharedElementCallbackImpl
android.support.v4.app.ActivityCompatHoneycomb
android.support.v4.app.ActivityCompatJB
android.support.v4.app.ActivityManagerCompat
android.support.v4.app.ActivityManagerCompatKitKat
android.support.v4.app.ActivityOptionsCompat
android.support.v4.app.ActivityOptionsCompat$ActivityOptionsImpl21
android.support.v4.app.ActivityOptionsCompat$ActivityOptionsImplJB
android.support.v4.app.ActivityOptionsCompat21
android.support.v4.app.ActivityOptionsCompatJB
android.support.v4.app.BackStackRecord
android.support.v4.app.BackStackRecord$1
android.support.v4.app.BackStackRecord$2
android.support.v4.app.BackStackRecord$3
android.support.v4.app.BackStackRecord$Op
android.support.v4.app.BackStackRecord$TransitionState
android.support.v4.app.BackStackState
android.support.v4.app.BackStackState$1
android.support.v4.app.BundleUtil
android.support.v4.app.DialogFragment
android.support.v4.app.DialogFragment$DialogStyle
android.support.v4.app.Fragment
android.support.v4.app.Fragment$1
android.support.v4.app.Fragment$InstantiationException
android.support.v4.app.Fragment$SavedState
android.support.v4.app.Fragment$SavedState$1
android.support.v4.app.FragmentActivity
android.support.v4.app.FragmentActivity$1
android.support.v4.app.FragmentActivity$2
android.support.v4.app.FragmentActivity$NonConfigurationInstances
android.support.v4.app.FragmentContainer